2025-11-17 20:29:51,377 [INFO] Application starting
2025-11-17 20:29:51,378 [INFO] Successfully loaded settings from 'config.json'
2025-11-17 20:29:51,378 [INFO] Attempting to connect to DAQ device: 'Dev1'
2025-11-17 20:29:51,378 [INFO] Hardware initialized successfully.
2025-11-17 20:29:53,941 [INFO] Starting profile test (converted speeds to RPM)...
2025-11-17 20:29:53,941 [INFO] Starting PROFILE test with 6 segments.
2025-11-17 20:29:54,005 [INFO] GUI: Received reset_plots command.
2025-11-17 20:29:54,156 [INFO] DAQ acquisition started successfully.
2025-11-17 20:29:54,160 [INFO] [Segment 1/6] RPM=126.34, Cycles=2, Duration=9.50s
2025-11-17 20:29:54,172 [INFO] Setting initial PWM property to Duty Cycle: 0.105
2025-11-17 20:30:03,743 [INFO] [Segment 2/6] RPM=252.68, Cycles=2, Duration=4.75s
2025-11-17 20:30:03,745 [INFO] Writing to running task >> Freq: 1000 Hz, Duty Cycle: 0.21
2025-11-17 20:30:03,749 [INFO] Successfully wrote new CtrFreq sample to PWM task.
2025-11-17 20:30:08,500 [INFO] [Segment 3/6] RPM=379.02, Cycles=2, Duration=3.17s
2025-11-17 20:30:08,500 [INFO] Writing to running task >> Freq: 1000 Hz, Duty Cycle: 0.32
2025-11-17 20:30:08,502 [INFO] Successfully wrote new CtrFreq sample to PWM task.
2025-11-17 20:30:11,676 [INFO] [Segment 4/6] RPM=505.36, Cycles=2, Duration=2.37s
2025-11-17 20:30:11,677 [INFO] Writing to running task >> Freq: 1000 Hz, Duty Cycle: 0.42
2025-11-17 20:30:11,679 [INFO] Successfully wrote new CtrFreq sample to PWM task.
2025-11-17 20:30:14,089 [INFO] [Segment 5/6] RPM=631.70, Cycles=2, Duration=1.90s
2025-11-17 20:30:14,092 [INFO] Writing to running task >> Freq: 1000 Hz, Duty Cycle: 0.53
2025-11-17 20:30:14,101 [INFO] Successfully wrote new CtrFreq sample to PWM task.
2025-11-17 20:30:15,999 [INFO] [Segment 6/6] RPM=758.04, Cycles=2, Duration=1.58s
2025-11-17 20:30:16,000 [INFO] Writing to running task >> Freq: 1000 Hz, Duty Cycle: 0.63
2025-11-17 20:30:16,003 [INFO] Successfully wrote new CtrFreq sample to PWM task.
2025-11-17 20:30:17,595 [INFO] Test finished -> stopping motor and acquisition.
2025-11-17 20:30:17,596 [INFO] Motor Ramp Down
2025-11-17 20:30:17,596 [INFO] Writing to running task >> Freq: 1000 Hz, Duty Cycle: 0.00
2025-11-17 20:30:17,598 [INFO] Successfully wrote new CtrFreq sample to PWM task.
2025-11-17 20:30:18,858 [INFO] DAQ acquisition stopped.
2025-11-17 20:30:18,861 [INFO] Saving test data to: D:\AME441_Code\damper_characterization\data_collection\python\damper_dyno\results\dyno_test_2025-11-17_20-30-18.csv
2025-11-17 20:30:19,201 [INFO] Data saved successfully.
